<?xml version="1.0" encoding="UTF-8"?>
<!-- Generated by org.testng.reporters.JUnitXMLReporter -->
<testsuite ignored="0" hostname="DESKTOP-U0VH7U8" failures="0" tests="3" name="Default test" time="0.09" errors="0" timestamp="2023-09-04T13:42:58 IST">
  <testcase classname="customer.test1" name="createcustomer" time="0.006"/>
  <testcase classname="customer.test1" name="deletecustomer" time="0.003"/>
  <testcase classname="customer.test1" name="modifycustomer" time="0.002"/>
</testsuite> <!-- Default test -->
